<?xml version="1.0" encoding="utf-8"?><testsuites name="pytest tests"><testsuite name="pytest" errors="0" failures="0" skipped="0" tests="12" time="1.085" timestamp="2026-06-02T20:01:24.480271+00:00" hostname="agent-env-594eea92-07d1-406a-81be-9469eac30f28"><testcase classname="backend.tests.backend_test" name="test_health" time="0.243" /><testcase classname="backend.tests.backend_test" name="test_create_order" time="0.065" /><testcase classname="backend.tests.backend_test" name="test_create_order_invalid_email" time="0.055" /><testcase classname="backend.tests.backend_test" name="test_create_order_missing_fields" time="0.044" /><testcase classname="backend.tests.backend_test" name="test_get_order_by_id" time="0.046" /><testcase classname="backend.tests.backend_test" name="test_get_order_invalid_id" time="0.052" /><testcase classname="backend.tests.backend_test" name="test_get_all_orders" time="0.046" /><testcase classname="backend.tests.backend_test" name="test_update_order_status" time="0.095" /><testcase classname="backend.tests.backend_test" name="test_update_order_status_invalid_id" time="0.049" /><testcase classname="backend.tests.backend_test" name="test_update_order_multiple_statuses" time="0.157" /><testcase classname="backend.tests.backend_test" name="test_contact_inquiry" time="0.069" /><testcase classname="backend.tests.backend_test" name="test_contact_invalid_email" time="0.046" /></testsuite></testsuites>